<?xml version="1.0" encoding="UTF-8"?>
<!-- Generated by org.testng.reporters.JUnitReportReporter -->
<testsuite skipped="0" hostname="LAPTOP-QFKR4O5H" name="TestCases.IdentifyCoursesChromeTest" tests="1" failures="0" timestamp="2020-09-25T19:47:52 IST" time="62.207" errors="0">
  <testcase name="automateTest" time="62.207" classname="TestCases.IdentifyCoursesChromeTest"/>
  <system-out/>
</testsuite> <!-- TestCases.IdentifyCoursesChromeTest -->
